<?xml version="1.0" encoding="UTF-8"?>
<testng-results ignored="0" total="2" passed="2" failed="0" skipped="0">
  <reporter-output>
  </reporter-output>
  <suite started-at="2023-08-25T10:51:24 IST" name="Default suite" finished-at="2023-08-25T10:52:00 IST" duration-ms="36678">
    <groups>
    </groups>
    <test started-at="2023-08-25T10:51:24 IST" name="Default test" finished-at="2023-08-25T10:52:00 IST" duration-ms="36678">
      <class name="com.testng.TestNG.RunnerClass">
        <test-method is-config="true" signature="driverlaunch()[pri:0, instance:com.testng.TestNG.RunnerClass@d86a6f]" started-at="2023-08-25T10:51:21 IST" name="driverlaunch" finished-at="2023-08-25T10:51:24 IST" duration-ms="2630" status="PASS">
          <reporter-output>
          </reporter-output>
        </test-method> <!-- driverlaunch -->
        <test-method is-config="true" signature="urllaunch()[pri:0, instance:com.testng.TestNG.RunnerClass@d86a6f]" started-at="2023-08-25T10:51:24 IST" name="urllaunch" finished-at="2023-08-25T10:51:45 IST" duration-ms="20937" status="PASS">
          <reporter-output>
          </reporter-output>
        </test-method> <!-- urllaunch -->
        <test-method signature="login()[pri:0, instance:com.testng.TestNG.RunnerClass@d86a6f]" started-at="2023-08-25T10:51:45 IST" name="login" finished-at="2023-08-25T10:51:46 IST" duration-ms="983" status="PASS">
          <reporter-output>
          </reporter-output>
        </test-method> <!-- login -->
        <test-method is-config="true" signature="urllaunch()[pri:0, instance:com.testng.TestNG.RunnerClass@d86a6f]" started-at="2023-08-25T10:51:46 IST" name="urllaunch" finished-at="2023-08-25T10:51:48 IST" duration-ms="2635" status="PASS">
          <reporter-output>
          </reporter-output>
        </test-method> <!-- urllaunch -->
        <test-method signature="pim()[pri:0, instance:com.testng.TestNG.RunnerClass@d86a6f]" started-at="2023-08-25T10:51:48 IST" name="pim" finished-at="2023-08-25T10:52:00 IST" depends-on-methods="com.testng.TestNG.RunnerClass.login" duration-ms="12007" status="PASS">
          <reporter-output>
          </reporter-output>
        </test-method> <!-- pim -->
      </class> <!-- com.testng.TestNG.RunnerClass -->
    </test> <!-- Default test -->
  </suite> <!-- Default suite -->
</testng-results>
