<?xml version="1.0" encoding="UTF-8"?>
<testng-results ignored="0" total="2" passed="2" failed="0" skipped="0">
  <reporter-output>
  </reporter-output>
  <suite started-at="2023-08-28T10:40:21 IST" name="Default suite" finished-at="2023-08-28T10:40:53 IST" duration-ms="32338">
    <groups>
    </groups>
    <test started-at="2023-08-28T10:40:21 IST" name="Default test" finished-at="2023-08-28T10:40:53 IST" duration-ms="32338">
      <class name="com.testng.TestNG.RunnerClass">
        <test-method is-config="true" signature="driverlaunch()[pri:0, instance:com.testng.TestNG.RunnerClass@d86a6f]" started-at="2023-08-28T10:39:32 IST" name="driverlaunch" finished-at="2023-08-28T10:40:21 IST" duration-ms="48924" status="PASS">
          <reporter-output>
          </reporter-output>
        </test-method> <!-- driverlaunch -->
        <test-method is-config="true" signature="urllaunch()[pri:0, instance:com.testng.TestNG.RunnerClass@d86a6f]" started-at="2023-08-28T10:40:21 IST" name="urllaunch" finished-at="2023-08-28T10:40:38 IST" duration-ms="16861" status="PASS">
          <reporter-output>
          </reporter-output>
        </test-method> <!-- urllaunch -->
        <test-method signature="login()[pri:0, instance:com.testng.TestNG.RunnerClass@d86a6f]" started-at="2023-08-28T10:40:38 IST" name="login" finished-at="2023-08-28T10:40:39 IST" duration-ms="1286" status="PASS">
          <reporter-output>
          </reporter-output>
        </test-method> <!-- login -->
        <test-method is-config="true" signature="urllaunch()[pri:0, instance:com.testng.TestNG.RunnerClass@d86a6f]" started-at="2023-08-28T10:40:39 IST" name="urllaunch" finished-at="2023-08-28T10:40:43 IST" duration-ms="3999" status="PASS">
          <reporter-output>
          </reporter-output>
        </test-method> <!-- urllaunch -->
        <test-method signature="pim()[pri:0, instance:com.testng.TestNG.RunnerClass@d86a6f]" started-at="2023-08-28T10:40:43 IST" name="pim" finished-at="2023-08-28T10:40:53 IST" depends-on-methods="com.testng.TestNG.RunnerClass.login" duration-ms="10075" status="PASS">
          <reporter-output>
          </reporter-output>
        </test-method> <!-- pim -->
      </class> <!-- com.testng.TestNG.RunnerClass -->
    </test> <!-- Default test -->
  </suite> <!-- Default suite -->
</testng-results>
